#
# There is insufficient memory for the Java Runtime Environment to continue.
# Native memory allocation (malloc) failed to allocate 32744 bytes. Error detail: Chunk::new
# Possible reasons:
#   The system is out of physical RAM or swap space
#   This process is running with CompressedOops enabled, and the Java Heap may be blocking the growth of the native heap
# Possible solutions:
#   Reduce memory load on the system
#   Increase physical memory or swap space
#   Check if swap backing store is full
#   Decrease Java heap size (-Xmx/-Xms)
#   Decrease number of Java threads
#   Decrease Java thread stack sizes (-Xss)
#   Set larger code cache with -XX:ReservedCodeCacheSize=
#   JVM is running with Unscaled Compressed Oops mode in which the Java heap is
#     placed in the first 4GB address space. The Java Heap base address is the
#     maximum limit for the native heap growth. Please use -XX:HeapBaseMinAddress
#     to set the Java Heap base and to place the Java Heap above 4GB virtual address.
# This output file may be truncated or incomplete.
#
#  Out of Memory Error (arena.cpp:168), pid=5160, tid=18300
#
# JRE version: OpenJDK Runtime Environment Temurin-21.0.10+7 (21.0.10+7) (build 21.0.10+7-LTS)
# Java VM: OpenJDK 64-Bit Server VM Temurin-21.0.10+7 (21.0.10+7-LTS, mixed mode, sharing, tiered, compressed oops, compressed class ptrs, parallel gc, windows-amd64)
# No core dump will be written. Minidumps are not enabled by default on client versions of Windows
#

---------------  S U M M A R Y ------------

Command Line: --add-modules=ALL-SYSTEM --add-opens=java.base/java.util=ALL-UNNAMED --add-opens=java.base/java.lang=ALL-UNNAMED --add-opens=java.base/sun.nio.fs=ALL-UNNAMED -Declipse.application=org.eclipse.jdt.ls.core.id1 -Dosgi.bundles.defaultStartLevel=4 -Declipse.product=org.eclipse.jdt.ls.core.product -Djava.import.generatesMetadataFilesAtProjectRoot=false -DDetectVMInstallationsJob.disabled=true -Dfile.encoding=utf8 -XX:+UseParallelGC -XX:GCTimeRatio=4 -XX:AdaptiveSizePolicyWeight=90 -Dsun.zip.disableMemoryMapping=true -Xmx2G -Xms100m -Xlog:disable -javaagent:c:\Users\Janeesha Pabasara\.vscode\extensions\redhat.java-1.53.0-win32-x64\lombok\lombok-1.18.39-4050.jar -XX:+HeapDumpOnOutOfMemoryError -XX:HeapDumpPath=c:\Users\Janeesha Pabasara\AppData\Roaming\Code\User\workspaceStorage\fc35b90587192461ec26209fc89fa623\redhat.java -Daether.dependencyCollector.impl=bf c:\Users\Janeesha Pabasara\.vscode\extensions\redhat.java-1.53.0-win32-x64\server\plugins\org.eclipse.equinox.launcher_1.7.100.v20251111-0406.jar -configuration c:\Users\Janeesha Pabasara\AppData\Roaming\Code\User\globalStorage\redhat.java\1.53.0\config_win -data c:\Users\Janeesha Pabasara\AppData\Roaming\Code\User\workspaceStorage\fc35b90587192461ec26209fc89fa623\redhat.java\jdt_ws --pipe=\\.\pipe\lsp-53d9812b1e47c30012fa6c02d2c3d451-sock

Host: 12th Gen Intel(R) Core(TM) i5-12450H, 12 cores, 15G,  Windows 11 , 64 bit Build 26100 (10.0.26100.7920)
Time: Sat Apr 11 18:29:35 2026 Sri Lanka Standard Time elapsed time: 47.292227 seconds (0d 0h 0m 47s)

---------------  T H R E A D  ---------------

Current thread (0x000001dafc1c7330):  JavaThread "C2 CompilerThread0" daemon [_thread_in_native, id=18300, stack(0x00000004faf00000,0x00000004fb000000) (1024K)]


Current CompileTask:
C2:47292 3141       4       lombok.patcher.PatchScript::classMatches (41 bytes)

Stack: [0x00000004faf00000,0x00000004fb000000]
Native frames: (J=compiled Java code, j=interpreted, Vv=VM code, C=native code)
V  [jvm.dll+0x6d7a39]
V  [jvm.dll+0x8b4b26]
V  [jvm.dll+0x8b70de]
V  [jvm.dll+0x8b77c3]
V  [jvm.dll+0x284346]
V  [jvm.dll+0xc66ed]
V  [jvm.dll+0xc6c31]
V  [jvm.dll+0x65f8dd]
V  [jvm.dll+0x66573b]
V  [jvm.dll+0x666736]
V  [jvm.dll+0x664a7b]
V  [jvm.dll+0x24c3db]
V  [jvm.dll+0x24bb40]
V  [jvm.dll+0x1cb34e]
V  [jvm.dll+0x25b85d]
V  [jvm.dll+0x259dea]
V  [jvm.dll+0x3f857e]
V  [jvm.dll+0x85f59d]
V  [jvm.dll+0x6d626d]
C  [ucrtbase.dll+0x37b0]
C  [KERNEL32.DLL+0x2e8d7]
C  [ntdll.dll+0x8c48c]


---------------  P R O C E S S  ---------------

Threads class SMR info:
_java_thread_list=0x000001dada2536e0, length=18, elements={
0x000001dafc10cbe0, 0x000001dafc1b25c0, 0x000001dafc1b3180, 0x000001dafc1b9a50,
0x000001dafc1bcac0, 0x000001dafc1bb280, 0x000001dafc1be9e0, 0x000001dafc1c7330,
0x000001dafc1ca350, 0x000001dad50eb430, 0x000001dad522fe20, 0x000001dada7c3320,
0x000001dada01ec50, 0x000001dada432df0, 0x000001dada02c140, 0x000001dad5151350,
0x000001dada162e90, 0x000001dadb25e010
}

Java Threads: ( => current thread )
  0x000001dafc10cbe0 JavaThread "main"                              [_thread_blocked, id=4476, stack(0x00000004fa500000,0x00000004fa600000) (1024K)]
  0x000001dafc1b25c0 JavaThread "Reference Handler"          daemon [_thread_blocked, id=8752, stack(0x00000004fa900000,0x00000004faa00000) (1024K)]
  0x000001dafc1b3180 JavaThread "Finalizer"                  daemon [_thread_blocked, id=2660, stack(0x00000004faa00000,0x00000004fab00000) (1024K)]
  0x000001dafc1b9a50 JavaThread "Signal Dispatcher"          daemon [_thread_blocked, id=9136, stack(0x00000004fab00000,0x00000004fac00000) (1024K)]
  0x000001dafc1bcac0 JavaThread "Attach Listener"            daemon [_thread_blocked, id=5880, stack(0x00000004fac00000,0x00000004fad00000) (1024K)]
  0x000001dafc1bb280 JavaThread "Service Thread"             daemon [_thread_blocked, id=14416, stack(0x00000004fad00000,0x00000004fae00000) (1024K)]
  0x000001dafc1be9e0 JavaThread "Monitor Deflation Thread"   daemon [_thread_blocked, id=19840, stack(0x00000004fae00000,0x00000004faf00000) (1024K)]
=>0x000001dafc1c7330 JavaThread "C2 CompilerThread0"         daemon [_thread_in_native, id=18300, stack(0x00000004faf00000,0x00000004fb000000) (1024K)]
  0x000001dafc1ca350 JavaThread "C1 CompilerThread0"         daemon [_thread_blocked, id=10764, stack(0x00000004fb000000,0x00000004fb100000) (1024K)]
  0x000001dad50eb430 JavaThread "Common-Cleaner"             daemon [_thread_blocked, id=5140, stack(0x00000004fb100000,0x00000004fb200000) (1024K)]
  0x000001dad522fe20 JavaThread "Notification Thread"        daemon [_thread_blocked, id=11188, stack(0x00000004fb200000,0x00000004fb300000) (1024K)]
  0x000001dada7c3320 JavaThread "Active Thread: Equinox Container: c321166f-0eb7-4aac-a7f3-3015f61d2f74"        [_thread_blocked, id=17916, stack(0x00000004fba00000,0x00000004fbb00000) (1024K)]
  0x000001dada01ec50 JavaThread "Refresh Thread: Equinox Container: c321166f-0eb7-4aac-a7f3-3015f61d2f74" daemon [_thread_blocked, id=17484, stack(0x00000004fbb00000,0x00000004fbc00000) (1024K)]
  0x000001dada432df0 JavaThread "Framework Event Dispatcher: Equinox Container: c321166f-0eb7-4aac-a7f3-3015f61d2f74" daemon [_thread_blocked, id=4584, stack(0x00000004fbc00000,0x00000004fbd00000) (1024K)]
  0x000001dada02c140 JavaThread "Start Level: Equinox Container: c321166f-0eb7-4aac-a7f3-3015f61d2f74" daemon [_thread_blocked, id=8572, stack(0x00000004fbd00000,0x00000004fbe00000) (1024K)]
  0x000001dad5151350 JavaThread "Bundle File Closer"         daemon [_thread_blocked, id=17476, stack(0x00000004fc100000,0x00000004fc200000) (1024K)]
  0x000001dada162e90 JavaThread "SCR Component Actor"        daemon [_thread_blocked, id=18816, stack(0x00000004fbe00000,0x00000004fbf00000) (1024K)]
  0x000001dadb25e010 JavaThread "Worker-JM"                         [_thread_blocked, id=4016, stack(0x00000004fc200000,0x00000004fc300000) (1024K)]
Total: 18

Other Threads:
  0x000001dafc1b1aa0 VMThread "VM Thread"                           [id=19880, stack(0x00000004fa800000,0x00000004fa900000) (1024K)]
  0x000001dafbf9ca00 WatcherThread "VM Periodic Task Thread"        [id=18476, stack(0x00000004fa700000,0x00000004fa800000) (1024K)]
  0x000001dafc12d3d0 WorkerThread "GC Thread#0"                     [id=17640, stack(0x00000004fa600000,0x00000004fa700000) (1024K)]
  0x000001dada23f020 WorkerThread "GC Thread#1"                     [id=12328, stack(0x00000004fb400000,0x00000004fb500000) (1024K)]
  0x000001dad5284aa0 WorkerThread "GC Thread#2"                     [id=11032, stack(0x00000004fb500000,0x00000004fb600000) (1024K)]
  0x000001dada23d9a0 WorkerThread "GC Thread#3"                     [id=20972, stack(0x00000004fb600000,0x00000004fb700000) (1024K)]
  0x000001dada23dd50 WorkerThread "GC Thread#4"                     [id=8228, stack(0x00000004fb700000,0x00000004fb800000) (1024K)]
  0x000001dada23e100 WorkerThread "GC Thread#5"                     [id=13296, stack(0x00000004fb800000,0x00000004fb900000) (1024K)]
  0x000001dada23e4b0 WorkerThread "GC Thread#6"                     [id=20524, stack(0x00000004fb900000,0x00000004fba00000) (1024K)]
  0x000001dada676470 WorkerThread "GC Thread#7"                     [id=19156, stack(0x00000004fb300000,0x00000004fb400000) (1024K)]
  0x000001dadae4c7d0 WorkerThread "GC Thread#8"                     [id=18324, stack(0x00000004fbf00000,0x00000004fc000000) (1024K)]
  0x000001dadae4cb80 WorkerThread "GC Thread#9"                     [id=17516, stack(0x00000004fc000000,0x00000004fc100000) (1024K)]
Total: 12

Threads with active compile tasks:
C2 CompilerThread0  47318 3141       4       lombok.patcher.PatchScript::classMatches (41 bytes)
C1 CompilerThread0  47318 3153       3       java.util.Properties::loadConvert (540 bytes)
Total: 2

VM state: at safepoint (normal execution)

VM Mutex/Monitor currently owned by a thread:  ([mutex/lock_event])
[0x00007ffce195e560] Threads_lock - owner thread: 0x000001dafc1b1aa0
[0x00007ffce195e660] Heap_lock - owner thread: 0x000001dada02c140

Heap address: 0x0000000080000000, size: 2048 MB, Compressed Oops mode: 32-bit

CDS archive(s) mapped at: [0x000001da93000000-0x000001da93ba0000-0x000001da93ba0000), size 12189696, SharedBaseAddress: 0x000001da93000000, ArchiveRelocationMode: 1.
Compressed class space mapped at: 0x000001da94000000-0x000001dad4000000, reserved size: 1073741824
Narrow klass base: 0x000001da93000000, Narrow klass shift: 0, Narrow klass range: 0x100000000

GC Precious Log:
 CardTable entry size: 512
 CPUs: 12 total, 12 available
 Memory: 16085M
 Large Page Support: Disabled
 NUMA Support: Disabled
 Compressed Oops: Enabled (32-bit)
 Alignments: Space 512K, Generation 512K, Heap 2M
 Heap Min Capacity: 100M
 Heap Initial Capacity: 100M
 Heap Max Capacity: 2G
 Pre-touch: Disabled
 Parallel Workers: 10

Heap:
 PSYoungGen      total 29696K, used 4067K [0x00000000d5580000, 0x00000000d7680000, 0x0000000100000000)
  eden space 25600K, 0% used [0x00000000d5580000,0x00000000d5580000,0x00000000d6e80000)
  from space 4096K, 99% used [0x00000000d6e80000,0x00000000d7278f20,0x00000000d7280000)
  to   space 4096K, 0% used [0x00000000d7280000,0x00000000d7280000,0x00000000d7680000)
 ParOldGen       total 68608K, used 8132K [0x0000000080000000, 0x0000000084300000, 0x00000000d5580000)
  object space 68608K, 11% used [0x0000000080000000,0x00000000807f1150,0x0000000084300000)
 Metaspace       used 15269K, committed 15808K, reserved 1114112K
  class space    used 1580K, committed 1792K, reserved 1048576K

Card table byte_map: [0x000001dafbab0000,0x000001dafbec0000] _byte_map_base: 0x000001dafb6b0000

Marking Bits: (ParMarkBitMap*) 0x00007ffce1963450
 Begin Bits: [0x000001da8f000000, 0x000001da91000000)
 End Bits:   [0x000001da91000000, 0x000001da93000000)

Polling page: 0x000001daf9f70000

Metaspace:

Usage:
  Non-class:     13.37 MB used.
      Class:      1.54 MB used.
       Both:     14.91 MB used.

Virtual space:
  Non-class space:       64.00 MB reserved,      13.69 MB ( 21%) committed,  1 nodes.
      Class space:        1.00 GB reserved,       1.75 MB ( <1%) committed,  1 nodes.
             Both:        1.06 GB reserved,      15.44 MB (  1%) committed. 

Chunk freelists:
   Non-Class:  2.09 MB
       Class:  14.07 MB
        Both:  16.16 MB

MaxMetaspaceSize: unlimited
CompressedClassSpaceSize: 1.00 GB
Initial GC threshold: 21.00 MB
Current GC threshold: 21.00 MB
CDS: on
 - commit_granule_bytes: 65536.
 - commit_granule_words: 8192.
 - virtual_space_node_default_size: 8388608.
 - enlarge_chunks_in_place: 1.
 - use_allocation_guard: 0.


Internal statistics:

num_allocs_failed_limit: 0.
num_arena_births: 414.
num_arena_deaths: 0.
num_vsnodes_births: 2.
num_vsnodes_deaths: 0.
num_space_committed: 247.
num_space_uncommitted: 0.
num_chunks_returned_to_freelist: 0.
num_chunks_taken_from_freelist: 922.
num_chunk_merges: 0.
num_chunk_splits: 575.
num_chunks_enlarged: 364.
num_inconsistent_stats: 0.

CodeHeap 'non-profiled nmethods': size=120000Kb used=1434Kb max_used=1434Kb free=118565Kb
 bounds [0x000001da87ad0000, 0x000001da87d40000, 0x000001da8f000000]
CodeHeap 'profiled nmethods': size=120000Kb used=6349Kb max_used=6349Kb free=113650Kb
 bounds [0x000001da80000000, 0x000001da80640000, 0x000001da87530000]
CodeHeap 'non-nmethods': size=5760Kb used=1252Kb max_used=1268Kb free=4508Kb
 bounds [0x000001da87530000, 0x000001da877a0000, 0x000001da87ad0000]
CodeCache: size=245760Kb, used=9035Kb, max_used=9051Kb, free=236723Kb
 total_blobs=3666, nmethods=3146, adapters=426, full_count=0
Compilation: enabled, stopped_count=0, restarted_count=0

Compilation events (20 events):
Event: 43.208 Thread 0x000001dafc1ca350 3140       3       org.eclipse.osgi.internal.weaving.WovenClassImpl::setHooksComplete (37 bytes)
Event: 43.208 Thread 0x000001dafc1ca350 nmethod 3140 0x000001da8062f090 code [0x000001da8062f240, 0x000001da8062f4b0]
Event: 43.218 Thread 0x000001dafc1c7330 3141       4       lombok.patcher.PatchScript::classMatches (41 bytes)
Event: 43.220 Thread 0x000001dafc1ca350 3142       3       java.lang.invoke.DirectMethodHandle$Constructor::viewAsType (49 bytes)
Event: 43.221 Thread 0x000001dafc1ca350 nmethod 3142 0x000001da8062f590 code [0x000001da8062f740, 0x000001da8062f918]
Event: 43.223 Thread 0x000001dafc1ca350 3144       3       java.lang.invoke.MethodHandleNatives::linkCallSite (65 bytes)
Event: 43.223 Thread 0x000001dafc1ca350 nmethod 3144 0x000001da8062fa10 code [0x000001da8062fc00, 0x000001da80630148]
Event: 43.223 Thread 0x000001dafc1ca350 3145       3       java.lang.invoke.MethodHandleNatives::linkCallSiteImpl (119 bytes)
Event: 43.224 Thread 0x000001dafc1ca350 nmethod 3145 0x000001da80630310 code [0x000001da80630540, 0x000001da80630dd0]
Event: 43.224 Thread 0x000001dafc1ca350 3146       3       java.lang.invoke.ConstantCallSite::<init> (17 bytes)
Event: 43.224 Thread 0x000001dafc1ca350 nmethod 3146 0x000001da80631190 code [0x000001da80631340, 0x000001da806315e0]
Event: 43.224 Thread 0x000001dafc1ca350 3147       3       java.lang.invoke.CallSite::<init> (15 bytes)
Event: 43.224 Thread 0x000001dafc1ca350 nmethod 3147 0x000001da80631710 code [0x000001da806318c0, 0x000001da80631ae8]
Event: 43.227 Thread 0x000001dafc1ca350 3149       3       jdk.internal.misc.VM::isJavaLangInvokeInited (4 bytes)
Event: 43.227 Thread 0x000001dafc1ca350 nmethod 3149 0x000001da80631c10 code [0x000001da80631da0, 0x000001da80631e90]
Event: 43.227 Thread 0x000001dafc1ca350 3150       3       jdk.internal.reflect.ReflectionFactory::config (28 bytes)
Event: 43.227 Thread 0x000001dafc1ca350 nmethod 3150 0x000001da80631f10 code [0x000001da806320a0, 0x000001da806321a8]
Event: 44.242 Thread 0x000001dafc1ca350 3151   !   3       jdk.internal.loader.BuiltinClassLoader$2::run (114 bytes)
Event: 45.258 Thread 0x000001dafc1ca350 nmethod 3151 0x000001da80632210 code [0x000001da806324c0, 0x000001da806332c0]
Event: 45.273 Thread 0x000001dafc1ca350 3153       3       java.util.Properties::loadConvert (540 bytes)

GC Heap History (9 events):
Event: 1.244 GC heap before
{Heap before GC invocations=1 (full 0):
 PSYoungGen      total 29696K, used 25600K [0x00000000d5580000, 0x00000000d7680000, 0x0000000100000000)
  eden space 25600K, 100% used [0x00000000d5580000,0x00000000d6e80000,0x00000000d6e80000)
  from space 4096K, 0% used [0x00000000d7280000,0x00000000d7280000,0x00000000d7680000)
  to   space 4096K, 0% used [0x00000000d6e80000,0x00000000d6e80000,0x00000000d7280000)
 ParOldGen       total 68608K, used 0K [0x0000000080000000, 0x0000000084300000, 0x00000000d5580000)
  object space 68608K, 0% used [0x0000000080000000,0x0000000080000000,0x0000000084300000)
 Metaspace       used 4323K, committed 4608K, reserved 1114112K
  class space    used 471K, committed 576K, reserved 1048576K
}
Event: 1.252 GC heap after
{Heap after GC invocations=1 (full 0):
 PSYoungGen      total 29696K, used 3264K [0x00000000d5580000, 0x00000000d7680000, 0x0000000100000000)
  eden space 25600K, 0% used [0x00000000d5580000,0x00000000d5580000,0x00000000d6e80000)
  from space 4096K, 79% used [0x00000000d6e80000,0x00000000d71b0158,0x00000000d7280000)
  to   space 4096K, 0% used [0x00000000d7280000,0x00000000d7280000,0x00000000d7680000)
 ParOldGen       total 68608K, used 16K [0x0000000080000000, 0x0000000084300000, 0x00000000d5580000)
  object space 68608K, 0% used [0x0000000080000000,0x0000000080004000,0x0000000084300000)
 Metaspace       used 4323K, committed 4608K, reserved 1114112K
  class space    used 471K, committed 576K, reserved 1048576K
}
Event: 7.887 GC heap before
{Heap before GC invocations=2 (full 0):
 PSYoungGen      total 29696K, used 28864K [0x00000000d5580000, 0x00000000d7680000, 0x0000000100000000)
  eden space 25600K, 100% used [0x00000000d5580000,0x00000000d6e80000,0x00000000d6e80000)
  from space 4096K, 79% used [0x00000000d6e80000,0x00000000d71b0158,0x00000000d7280000)
  to   space 4096K, 0% used [0x00000000d7280000,0x00000000d7280000,0x00000000d7680000)
 ParOldGen       total 68608K, used 16K [0x0000000080000000, 0x0000000084300000, 0x00000000d5580000)
  object space 68608K, 0% used [0x0000000080000000,0x0000000080004000,0x0000000084300000)
 Metaspace       used 7987K, committed 8256K, reserved 1114112K
  class space    used 831K, committed 960K, reserved 1048576K
}
Event: 7.898 GC heap after
{Heap after GC invocations=2 (full 0):
 PSYoungGen      total 29696K, used 4086K [0x00000000d5580000, 0x00000000d7680000, 0x0000000100000000)
  eden space 25600K, 0% used [0x00000000d5580000,0x00000000d5580000,0x00000000d6e80000)
  from space 4096K, 99% used [0x00000000d7280000,0x00000000d767d810,0x00000000d7680000)
  to   space 4096K, 0% used [0x00000000d6e80000,0x00000000d6e80000,0x00000000d7280000)
 ParOldGen       total 68608K, used 2029K [0x0000000080000000, 0x0000000084300000, 0x00000000d5580000)
  object space 68608K, 2% used [0x0000000080000000,0x00000000801fb6b8,0x0000000084300000)
 Metaspace       used 7987K, committed 8256K, reserved 1114112K
  class space    used 831K, committed 960K, reserved 1048576K
}
Event: 21.533 GC heap before
{Heap before GC invocations=3 (full 0):
 PSYoungGen      total 29696K, used 29686K [0x00000000d5580000, 0x00000000d7680000, 0x0000000100000000)
  eden space 25600K, 100% used [0x00000000d5580000,0x00000000d6e80000,0x00000000d6e80000)
  from space 4096K, 99% used [0x00000000d7280000,0x00000000d767d810,0x00000000d7680000)
  to   space 4096K, 0% used [0x00000000d6e80000,0x00000000d6e80000,0x00000000d7280000)
 ParOldGen       total 68608K, used 2029K [0x0000000080000000, 0x0000000084300000, 0x00000000d5580000)
  object space 68608K, 2% used [0x0000000080000000,0x00000000801fb6b8,0x0000000084300000)
 Metaspace       used 9431K, committed 9728K, reserved 1114112K
  class space    used 1006K, committed 1152K, reserved 1048576K
}
Event: 21.541 GC heap after
{Heap after GC invocations=3 (full 0):
 PSYoungGen      total 29696K, used 4088K [0x00000000d5580000, 0x00000000d7680000, 0x0000000100000000)
  eden space 25600K, 0% used [0x00000000d5580000,0x00000000d5580000,0x00000000d6e80000)
  from space 4096K, 99% used [0x00000000d6e80000,0x00000000d727e2f0,0x00000000d7280000)
  to   space 4096K, 0% used [0x00000000d7280000,0x00000000d7280000,0x00000000d7680000)
 ParOldGen       total 68608K, used 4898K [0x0000000080000000, 0x0000000084300000, 0x00000000d5580000)
  object space 68608K, 7% used [0x0000000080000000,0x00000000804c89d8,0x0000000084300000)
 Metaspace       used 9431K, committed 9728K, reserved 1114112K
  class space    used 1006K, committed 1152K, reserved 1048576K
}
Event: 39.739 GC heap before
{Heap before GC invocations=4 (full 0):
 PSYoungGen      total 29696K, used 29688K [0x00000000d5580000, 0x00000000d7680000, 0x0000000100000000)
  eden space 25600K, 100% used [0x00000000d5580000,0x00000000d6e80000,0x00000000d6e80000)
  from space 4096K, 99% used [0x00000000d6e80000,0x00000000d727e2f0,0x00000000d7280000)
  to   space 4096K, 0% used [0x00000000d7280000,0x00000000d7280000,0x00000000d7680000)
 ParOldGen       total 68608K, used 4898K [0x0000000080000000, 0x0000000084300000, 0x00000000d5580000)
  object space 68608K, 7% used [0x0000000080000000,0x00000000804c89d8,0x0000000084300000)
 Metaspace       used 11324K, committed 11648K, reserved 1114112K
  class space    used 1183K, committed 1344K, reserved 1048576K
}
Event: 39.746 GC heap after
{Heap after GC invocations=4 (full 0):
 PSYoungGen      total 29696K, used 4070K [0x00000000d5580000, 0x00000000d7680000, 0x0000000100000000)
  eden space 25600K, 0% used [0x00000000d5580000,0x00000000d5580000,0x00000000d6e80000)
  from space 4096K, 99% used [0x00000000d7280000,0x00000000d76798f8,0x00000000d7680000)
  to   space 4096K, 0% used [0x00000000d6e80000,0x00000000d6e80000,0x00000000d7280000)
 ParOldGen       total 68608K, used 7160K [0x0000000080000000, 0x0000000084300000, 0x00000000d5580000)
  object space 68608K, 10% used [0x0000000080000000,0x00000000806fe130,0x0000000084300000)
 Metaspace       used 11324K, committed 11648K, reserved 1114112K
  class space    used 1183K, committed 1344K, reserved 1048576K
}
Event: 45.276 GC heap before
{Heap before GC invocations=5 (full 0):
 PSYoungGen      total 29696K, used 29670K [0x00000000d5580000, 0x00000000d7680000, 0x0000000100000000)
  eden space 25600K, 100% used [0x00000000d5580000,0x00000000d6e80000,0x00000000d6e80000)
  from space 4096K, 99% used [0x00000000d7280000,0x00000000d76798f8,0x00000000d7680000)
  to   space 4096K, 0% used [0x00000000d6e80000,0x00000000d6e80000,0x00000000d7280000)
 ParOldGen       total 68608K, used 7160K [0x0000000080000000, 0x0000000084300000, 0x00000000d5580000)
  object space 68608K, 10% used [0x0000000080000000,0x00000000806fe130,0x0000000084300000)
 Metaspace       used 15269K, committed 15808K, reserved 1114112K
  class space    used 1580K, committed 1792K, reserved 1048576K
}

Dll operation events (11 events):
Event: 0.015 Loaded shared library c:\Users\Janeesha Pabasara\.vscode\extensions\redhat.java-1.53.0-win32-x64\jre\21.0.10-win32-x86_64\bin\java.dll
Event: 0.070 Loaded shared library c:\Users\Janeesha Pabasara\.vscode\extensions\redhat.java-1.53.0-win32-x64\jre\21.0.10-win32-x86_64\bin\zip.dll
Event: 0.090 Loaded shared library C:\Users\Janeesha Pabasara\.vscode\extensions\redhat.java-1.53.0-win32-x64\jre\21.0.10-win32-x86_64\bin\instrument.dll
Event: 0.322 Loaded shared library C:\Users\Janeesha Pabasara\.vscode\extensions\redhat.java-1.53.0-win32-x64\jre\21.0.10-win32-x86_64\bin\net.dll
Event: 0.426 Loaded shared library C:\Users\Janeesha Pabasara\.vscode\extensions\redhat.java-1.53.0-win32-x64\jre\21.0.10-win32-x86_64\bin\nio.dll
Event: 0.428 Loaded shared library C:\Users\Janeesha Pabasara\.vscode\extensions\redhat.java-1.53.0-win32-x64\jre\21.0.10-win32-x86_64\bin\zip.dll
Event: 0.439 Loaded shared library C:\Users\Janeesha Pabasara\.vscode\extensions\redhat.java-1.53.0-win32-x64\jre\21.0.10-win32-x86_64\bin\jimage.dll
Event: 0.558 Loaded shared library c:\Users\Janeesha Pabasara\.vscode\extensions\redhat.java-1.53.0-win32-x64\jre\21.0.10-win32-x86_64\bin\verify.dll
Event: 17.889 Loaded shared library C:\Users\Janeesha Pabasara\AppData\Roaming\Code\User\globalStorage\redhat.java\1.53.0\config_win\org.eclipse.equinox.launcher\org.eclipse.equinox.launcher.win32.win32.x86_64_1.3.0.v20260203-2149\eclipse_11919.dll
Event: 43.211 Loaded shared library C:\Users\Janeesha Pabasara\.vscode\extensions\redhat.java-1.53.0-win32-x64\jre\21.0.10-win32-x86_64\bin\management.dll
Event: 43.215 Loaded shared library C:\Users\Janeesha Pabasara\.vscode\extensions\redhat.java-1.53.0-win32-x64\jre\21.0.10-win32-x86_64\bin\management_ext.dll

Deoptimization events (20 events):
Event: 43.180 Thread 0x000001dada02c140 Uncommon trap: trap_request=0xffffffc6 fr.pc=0x000001da87bfd6c4 relative=0x0000000000000b44
Event: 43.180 Thread 0x000001dada02c140 Uncommon trap: reason=bimorphic_or_optimized_type_check action=maybe_recompile pc=0x000001da87bfd6c4 method=java.util.regex.Matcher.search(I)Z @ 121 c2
Event: 43.180 Thread 0x000001dada02c140 DEOPT PACKING pc=0x000001da87bfd6c4 sp=0x00000004fbdf6b30
Event: 43.180 Thread 0x000001dada02c140 DEOPT UNPACKING pc=0x000001da87583aa2 sp=0x00000004fbdf6b00 mode 2
Event: 43.180 Thread 0x000001dada02c140 Uncommon trap: trap_request=0xffffffc6 fr.pc=0x000001da87bfd6c4 relative=0x0000000000000b44
Event: 43.180 Thread 0x000001dada02c140 Uncommon trap: reason=bimorphic_or_optimized_type_check action=maybe_recompile pc=0x000001da87bfd6c4 method=java.util.regex.Matcher.search(I)Z @ 121 c2
Event: 43.180 Thread 0x000001dada02c140 DEOPT PACKING pc=0x000001da87bfd6c4 sp=0x00000004fbdf6b30
Event: 43.180 Thread 0x000001dada02c140 DEOPT UNPACKING pc=0x000001da87583aa2 sp=0x00000004fbdf6b00 mode 2
Event: 43.180 Thread 0x000001dada02c140 Uncommon trap: trap_request=0xffffffc6 fr.pc=0x000001da87bfd6c4 relative=0x0000000000000b44
Event: 43.180 Thread 0x000001dada02c140 Uncommon trap: reason=bimorphic_or_optimized_type_check action=maybe_recompile pc=0x000001da87bfd6c4 method=java.util.regex.Matcher.search(I)Z @ 121 c2
Event: 43.180 Thread 0x000001dada02c140 DEOPT PACKING pc=0x000001da87bfd6c4 sp=0x00000004fbdf6b40
Event: 43.180 Thread 0x000001dada02c140 DEOPT UNPACKING pc=0x000001da87583aa2 sp=0x00000004fbdf6b10 mode 2
Event: 43.180 Thread 0x000001dada02c140 Uncommon trap: trap_request=0xffffffc6 fr.pc=0x000001da87bfd6c4 relative=0x0000000000000b44
Event: 43.180 Thread 0x000001dada02c140 Uncommon trap: reason=bimorphic_or_optimized_type_check action=maybe_recompile pc=0x000001da87bfd6c4 method=java.util.regex.Matcher.search(I)Z @ 121 c2
Event: 43.180 Thread 0x000001dada02c140 DEOPT PACKING pc=0x000001da87bfd6c4 sp=0x00000004fbdf6b40
Event: 43.180 Thread 0x000001dada02c140 DEOPT UNPACKING pc=0x000001da87583aa2 sp=0x00000004fbdf6b10 mode 2
Event: 44.242 Thread 0x000001dada02c140 Uncommon trap: trap_request=0xffffff45 fr.pc=0x000001da87bc9a80 relative=0x0000000000001260
Event: 44.242 Thread 0x000001dada02c140 Uncommon trap: reason=unstable_if action=reinterpret pc=0x000001da87bc9a80 method=java.util.Properties.loadConvert([CIILjava/lang/StringBuilder;)Ljava/lang/String; @ 491 c2
Event: 44.242 Thread 0x000001dada02c140 DEOPT PACKING pc=0x000001da87bc9a80 sp=0x00000004fbdf7ec0
Event: 44.242 Thread 0x000001dada02c140 DEOPT UNPACKING pc=0x000001da87583aa2 sp=0x00000004fbdf7eb0 mode 2

Classes loaded (20 events):
Event: 43.220 Loading class java/lang/management/DefaultPlatformMBeanProvider$9 done
Event: 43.220 Loading class java/lang/management/DefaultPlatformMBeanProvider$10
Event: 43.220 Loading class java/lang/management/DefaultPlatformMBeanProvider$10 done
Event: 43.220 Loading class java/lang/management/DefaultPlatformMBeanProvider$11
Event: 43.220 Loading class java/lang/management/DefaultPlatformMBeanProvider$11 done
Event: 43.220 Loading class jdk/management/jfr/FlightRecorderMXBean
Event: 43.220 Loading class jdk/management/jfr/FlightRecorderMXBean done
Event: 43.220 Loading class jdk/management/jfr/internal/FlightRecorderMXBeanProvider$SingleMBeanComponent
Event: 43.220 Loading class jdk/management/jfr/internal/FlightRecorderMXBeanProvider$SingleMBeanComponent done
Event: 43.221 Loading class sun/management/RuntimeImpl
Event: 43.222 Loading class sun/management/RuntimeImpl done
Event: 43.222 Loading class java/util/Collections$2
Event: 43.222 Loading class java/util/Collections$2 done
Event: 43.224 Loading class sun/management/Util
Event: 43.224 Loading class sun/management/Util done
Event: 43.224 Loading class java/lang/management/ManagementPermission
Event: 43.224 Loading class java/lang/management/ManagementPermission done
Event: 44.241 Loading class java/lang/IllegalCallerException
Event: 44.241 Loading class java/lang/IllegalCallerException done
Event: 45.275 Loading class java/lang/invoke/DirectMethodHandle$1

Classes unloaded (0 events):
No events

Classes redefined (0 events):
No events

Internal exceptions (20 events):
Event: 2.066 Thread 0x000001dafc10cbe0 Exception <a 'java/lang/ClassNotFoundException'{0x00000000d6a820f8}: sun/net/www/protocol/plurl/Handler> (0x00000000d6a820f8) 
thrown [s\src\hotspot\share\classfile\systemDictionary.cpp, line 312]
Event: 17.551 Thread 0x000001dafc10cbe0 Exception <a 'java/lang/UnsatisfiedLinkError'{0x00000000d565ddb8}: 'void org.eclipse.equinox.launcher.JNIBridge._update_splash()'> (0x00000000d565ddb8) 
thrown [s\src\hotspot\share\prims\nativeLookup.cpp, line 415]
Event: 17.602 Thread 0x000001dada01ec50 Exception <a 'java/lang/NoSuchMethodError'{0x00000000d58e6ea0}: 'void java.lang.invoke.DirectMethodHandle$Holder.invokeInterface(java.lang.Object, java.lang.Object, java.lang.Object)'> (0x00000000d58e6ea0) 
thrown [s\src\hotspot\share\interpreter\linkResolver.cpp, line 773]
Event: 17.946 Thread 0x000001dada02c140 Exception <a 'java/lang/NoSuchMethodError'{0x00000000d5cce368}: 'java.lang.Object java.lang.invoke.DirectMethodHandle$Holder.newInvokeSpecial(java.lang.Object, java.lang.Object, int, java.lang.Object)'> (0x00000000d5cce368) 
thrown [s\src\hotspot\share\interpreter\linkResolver.cpp, line 773]
Event: 17.946 Thread 0x000001dada02c140 Exception <a 'java/lang/NoSuchMethodError'{0x00000000d5cd2198}: 'java.lang.Object java.lang.invoke.DirectMethodHandle$Holder.invokeSpecial(java.lang.Object, java.lang.Object, java.lang.Object, int, java.lang.Object)'> (0x00000000d5cd2198) 
thrown [s\src\hotspot\share\interpreter\linkResolver.cpp, line 773]
Event: 17.955 Thread 0x000001dada02c140 Exception <a 'java/lang/NoClassDefFoundError'{0x00000000d5d795b0}: jakarta/servlet/ServletContainerInitializer> (0x00000000d5d795b0) 
thrown [s\src\hotspot\share\classfile\systemDictionary.cpp, line 301]
Event: 17.987 Thread 0x000001dada02c140 Exception <a 'java/lang/ClassNotFoundException'{0x00000000d5ed5ad8}: sun/util/logging/resources/spi/loggingProvider> (0x00000000d5ed5ad8) 
thrown [s\src\hotspot\share\classfile\systemDictionary.cpp, line 312]
Event: 39.707 Thread 0x000001dada02c140 Exception <a 'java/lang/NullPointerException'{0x00000000d6adbcd0}> (0x00000000d6adbcd0) 
thrown [s\src\hotspot\share\interpreter\linkResolver.cpp, line 1372]
Event: 39.707 Thread 0x000001dada02c140 Exception <a 'java/lang/NullPointerException'{0x00000000d6adbfb0}> (0x00000000d6adbfb0) 
thrown [s\src\hotspot\share\interpreter\linkResolver.cpp, line 1372]
Event: 39.882 Thread 0x000001dada02c140 Exception <a 'java/lang/NoSuchMethodError'{0x00000000d5bc75d8}: 'long java.lang.invoke.DirectMethodHandle$Holder.invokeSpecial(java.lang.Object, java.lang.Object)'> (0x00000000d5bc75d8) 
thrown [s\src\hotspot\share\interpreter\linkResolver.cpp, line 773]
Event: 40.932 Thread 0x000001dada02c140 Exception <a 'java/io/FileNotFoundException'{0x00000000d5dc19f8}> (0x00000000d5dc19f8) 
thrown [s\src\hotspot\share\prims\jni.cpp, line 520]
Event: 42.057 Thread 0x000001dada02c140 Exception <a 'java/lang/NoSuchMethodError'{0x00000000d63026f0}: 'java.lang.Object java.lang.invoke.Invokers$Holder.linkToTargetMethod(java.lang.Object, long, java.lang.Object)'> (0x00000000d63026f0) 
thrown [s\src\hotspot\share\interpreter\linkResolver.cpp, line 773]
Event: 42.114 Thread 0x000001dada02c140 Exception <a 'java/lang/NoSuchMethodError'{0x00000000d6843af0}: 'void java.lang.invoke.Invokers$Holder.invokeExact_MT(java.lang.Object, java.lang.Object, java.lang.Object)'> (0x00000000d6843af0) 
thrown [s\src\hotspot\share\interpreter\linkResolver.cpp, line 773]
Event: 43.187 Thread 0x000001dada02c140 Exception <a 'java/lang/NoSuchMethodError'{0x00000000d6b445d0}: 'java.lang.Object java.lang.invoke.DirectMethodHandle$Holder.invokeVirtual(java.lang.Object, java.lang.Object, java.lang.Object)'> (0x00000000d6b445d0) 
thrown [s\src\hotspot\share\interpreter\linkResolver.cpp, line 773]
Event: 43.187 Thread 0x000001dada02c140 Exception <a 'java/lang/NoSuchMethodError'{0x00000000d6b5cbc8}: 'java.lang.Object java.lang.invoke.DelegatingMethodHandle$Holder.reinvoke_L(java.lang.Object, java.lang.Object, java.lang.Object, java.lang.Object, int, int)'> (0x00000000d6b5cbc8) 
thrown [s\src\hotspot\share\interpreter\linkResolver.cpp, line 773]
Event: 43.189 Thread 0x000001dada02c140 Exception <a 'java/lang/NoSuchMethodError'{0x00000000d6b795a0}: 'java.lang.Object java.lang.invoke.DirectMethodHandle$Holder.newInvokeSpecial(java.lang.Object, java.lang.Object, java.lang.Object, java.lang.Object, java.lang.Object, java.lang.Object)'> (0x00000000d6b795a0) 
thrown [s\src\hotspot\share\interpreter\linkResolver.cpp, line 773]
Event: 43.191 Thread 0x000001dada02c140 Exception <a 'java/lang/NoSuchMethodError'{0x00000000d6ba5ac0}: 'void java.lang.invoke.Invokers$Holder.invokeExact_MT(java.lang.Object, java.lang.Object, java.lang.Object, java.lang.Object)'> (0x00000000d6ba5ac0) 
thrown [s\src\hotspot\share\interpreter\linkResolver.cpp, line 773]
Event: 43.206 Thread 0x000001dada02c140 Exception <a 'java/io/FileNotFoundException'{0x00000000d6ce26e8}> (0x00000000d6ce26e8) 
thrown [s\src\hotspot\share\prims\jni.cpp, line 520]
Event: 43.209 Thread 0x000001dada02c140 Exception <a 'java/io/FileNotFoundException'{0x00000000d6d007a8}> (0x00000000d6d007a8) 
thrown [s\src\hotspot\share\prims\jni.cpp, line 520]
Event: 43.210 Thread 0x000001dada02c140 Exception <a 'java/io/FileNotFoundException'{0x00000000d6d08328}> (0x00000000d6d08328) 
thrown [s\src\hotspot\share\prims\jni.cpp, line 520]

ZGC Phase Switch (0 events):
No events

VM Operations (20 events):
Event: 38.215 Executing safepoint VM operation: Cleanup done
Event: 39.682 Executing non-safepoint VM operation: HandshakeAllThreads (Deoptimize)
Event: 39.682 Executing non-safepoint VM operation: HandshakeAllThreads (Deoptimize) done
Event: 39.682 Executing safepoint VM operation: Cleanup
Event: 39.682 Executing safepoint VM operation: Cleanup done
Event: 39.739 Executing safepoint VM operation: ParallelGCFailedAllocation (Allocation Failure)
Event: 39.746 Executing safepoint VM operation: ParallelGCFailedAllocation (Allocation Failure) done
Event: 39.774 Executing non-safepoint VM operation: HandshakeAllThreads (Deoptimize)
Event: 39.774 Executing non-safepoint VM operation: HandshakeAllThreads (Deoptimize) done
Event: 40.779 Executing safepoint VM operation: Cleanup
Event: 40.779 Executing safepoint VM operation: Cleanup done
Event: 41.789 Executing safepoint VM operation: Cleanup
Event: 41.789 Executing safepoint VM operation: Cleanup done
Event: 42.799 Executing safepoint VM operation: Cleanup
Event: 43.156 Executing safepoint VM operation: Cleanup done
Event: 44.169 Executing safepoint VM operation: Cleanup
Event: 44.169 Executing safepoint VM operation: Cleanup done
Event: 45.179 Executing safepoint VM operation: Cleanup
Event: 45.273 Executing safepoint VM operation: Cleanup done
Event: 45.276 Executing safepoint VM operation: ParallelGCFailedAllocation (Allocation Failure)

Memory protections (0 events):
No events

Nmethod flushes (0 events):
No events

Events (20 events):
Event: 1.971 Thread 0x000001dafc10cbe0 Thread added: 0x000001dada7c3320
Event: 2.637 Thread 0x000001dada0052d0 Thread exited: 0x000001dada0052d0
Event: 17.546 Thread 0x000001dafc10cbe0 Thread added: 0x000001dada01ec50
Event: 17.608 Thread 0x000001dada01ec50 Thread added: 0x000001dada432df0
Event: 17.892 Thread 0x000001dafc10cbe0 Thread added: 0x000001dada02c140
Event: 18.016 Thread 0x000001dafc1ca350 Thread added: 0x000001dada276ba0
Event: 18.622 Thread 0x000001dada276ba0 Thread exited: 0x000001dada276ba0
Event: 21.512 Thread 0x000001dafc1ca350 Thread added: 0x000001dada98fd70
Event: 21.642 Thread 0x000001dada02c140 Thread added: 0x000001dad5151350
Event: 22.034 Thread 0x000001dada98fd70 Thread exited: 0x000001dada98fd70
Event: 32.100 Thread 0x000001dafc1ca350 Thread added: 0x000001dadab87970
Event: 32.111 Thread 0x000001dafc1ca350 Thread added: 0x000001dada6d7700
Event: 34.187 Thread 0x000001dada6d7700 Thread exited: 0x000001dada6d7700
Event: 34.313 Thread 0x000001dadab87970 Thread exited: 0x000001dadab87970
Event: 39.765 Thread 0x000001dada02c140 Thread added: 0x000001dada162e90
Event: 39.890 Thread 0x000001dafc1ca350 Thread added: 0x000001dada3bf1b0
Event: 39.890 Thread 0x000001dafc1ca350 Thread added: 0x000001dada3bd6e0
Event: 41.961 Thread 0x000001dada3bd6e0 Thread exited: 0x000001dada3bd6e0
Event: 42.047 Thread 0x000001dada3bf1b0 Thread exited: 0x000001dada3bf1b0
Event: 42.095 Thread 0x000001dada02c140 Thread added: 0x000001dadb25e010


Dynamic libraries:
0x00007ff6fbe80000 - 0x00007ff6fbe8e000 	c:\Users\Janeesha Pabasara\.vscode\extensions\redhat.java-1.53.0-win32-x64\jre\21.0.10-win32-x86_64\bin\java.exe
0x00007ffd9b7e0000 - 0x00007ffd9ba47000 	C:\WINDOWS\SYSTEM32\ntdll.dll
0x00007ffd99990000 - 0x00007ffd99a59000 	C:\WINDOWS\System32\KERNEL32.DLL
0x00007ffd98b60000 - 0x00007ffd98f51000 	C:\WINDOWS\System32\KERNELBASE.dll
0x00007ffd99010000 - 0x00007ffd9915b000 	C:\WINDOWS\System32\ucrtbase.dll
0x00007ffcff310000 - 0x00007ffcff328000 	c:\Users\Janeesha Pabasara\.vscode\extensions\redhat.java-1.53.0-win32-x64\jre\21.0.10-win32-x86_64\bin\jli.dll
0x00007ffd9a660000 - 0x00007ffd9a825000 	C:\WINDOWS\System32\USER32.dll
0x00007ffd980c0000 - 0x00007ffd980e7000 	C:\WINDOWS\System32\win32u.dll
0x00007ffd9b700000 - 0x00007ffd9b72b000 	C:\WINDOWS\System32\GDI32.dll
0x00007ffd99450000 - 0x00007ffd9957b000 	C:\WINDOWS\System32\gdi32full.dll
0x00007ffd993a0000 - 0x00007ffd99443000 	C:\WINDOWS\System32\msvcp_win.dll
0x00007ffcf45d0000 - 0x00007ffcf45ee000 	c:\Users\Janeesha Pabasara\.vscode\extensions\redhat.java-1.53.0-win32-x64\jre\21.0.10-win32-x86_64\bin\VCRUNTIME140.dll
0x00007ffd7c9f0000 - 0x00007ffd7cc83000 	C:\WINDOWS\WinSxS\amd64_microsoft.windows.common-controls_6595b64144ccf1df_6.0.26100.8037_none_3e092faae333b53b\COMCTL32.dll
0x00007ffd9b3e0000 - 0x00007ffd9b489000 	C:\WINDOWS\System32\msvcrt.dll
0x00007ffd9ae50000 - 0x00007ffd9ae81000 	C:\WINDOWS\System32\IMM32.DLL
0x00007ffd905b0000 - 0x00007ffd905bc000 	c:\Users\Janeesha Pabasara\.vscode\extensions\redhat.java-1.53.0-win32-x64\jre\21.0.10-win32-x86_64\bin\vcruntime140_1.dll
0x00007ffce1a50000 - 0x00007ffce1add000 	c:\Users\Janeesha Pabasara\.vscode\extensions\redhat.java-1.53.0-win32-x64\jre\21.0.10-win32-x86_64\bin\msvcp140.dll
0x00007ffce0ca0000 - 0x00007ffce1a41000 	c:\Users\Janeesha Pabasara\.vscode\extensions\redhat.java-1.53.0-win32-x64\jre\21.0.10-win32-x86_64\bin\server\jvm.dll
0x00007ffd9a250000 - 0x00007ffd9a30b000 	C:\WINDOWS\System32\ADVAPI32.dll
0x00007ffd9aa10000 - 0x00007ffd9aab7000 	C:\WINDOWS\System32\sechost.dll
0x00007ffd997f0000 - 0x00007ffd99908000 	C:\WINDOWS\System32\RPCRT4.dll
0x00007ffd9aed0000 - 0x00007ffd9af44000 	C:\WINDOWS\System32\WS2_32.dll
0x00007ffd97ab0000 - 0x00007ffd97b0e000 	C:\WINDOWS\SYSTEM32\POWRPROF.dll
0x00007ffd8b890000 - 0x00007ffd8b8c5000 	C:\WINDOWS\SYSTEM32\WINMM.dll
0x00007ffd8d020000 - 0x00007ffd8d02b000 	C:\WINDOWS\SYSTEM32\VERSION.dll
0x00007ffd97990000 - 0x00007ffd979a4000 	C:\WINDOWS\SYSTEM32\UMPDC.dll
0x00007ffd96e10000 - 0x00007ffd96e2b000 	C:\WINDOWS\SYSTEM32\kernel.appcore.dll
0x00007ffd8ecb0000 - 0x00007ffd8ecba000 	c:\Users\Janeesha Pabasara\.vscode\extensions\redhat.java-1.53.0-win32-x64\jre\21.0.10-win32-x86_64\bin\jimage.dll
0x00007ffd96000000 - 0x00007ffd96242000 	C:\WINDOWS\SYSTEM32\DBGHELP.DLL
0x00007ffd9aac0000 - 0x00007ffd9ae42000 	C:\WINDOWS\System32\combase.dll
0x00007ffd9a930000 - 0x00007ffd9aa07000 	C:\WINDOWS\System32\OLEAUT32.dll
0x00007ffd68060000 - 0x00007ffd6809b000 	C:\WINDOWS\SYSTEM32\dbgcore.DLL
0x00007ffd98f60000 - 0x00007ffd99005000 	C:\WINDOWS\System32\bcryptPrimitives.dll
0x00007ffd5c370000 - 0x00007ffd5c37f000 	c:\Users\Janeesha Pabasara\.vscode\extensions\redhat.java-1.53.0-win32-x64\jre\21.0.10-win32-x86_64\bin\instrument.dll
0x00007ffd0a130000 - 0x00007ffd0a150000 	c:\Users\Janeesha Pabasara\.vscode\extensions\redhat.java-1.53.0-win32-x64\jre\21.0.10-win32-x86_64\bin\java.dll
0x00007ffd99a60000 - 0x00007ffd9a1bf000 	C:\WINDOWS\System32\SHELL32.dll
0x00007ffd980f0000 - 0x00007ffd9825a000 	C:\WINDOWS\System32\wintypes.dll
0x00007ffd982f0000 - 0x00007ffd98b54000 	C:\WINDOWS\System32\windows.storage.dll
0x00007ffd9a4a0000 - 0x00007ffd9a597000 	C:\WINDOWS\System32\SHCORE.dll
0x00007ffd9a5a0000 - 0x00007ffd9a607000 	C:\WINDOWS\System32\shlwapi.dll
0x00007ffd97fe0000 - 0x00007ffd98009000 	C:\WINDOWS\SYSTEM32\profapi.dll
0x00007ffcf4c00000 - 0x00007ffcf4c18000 	c:\Users\Janeesha Pabasara\.vscode\extensions\redhat.java-1.53.0-win32-x64\jre\21.0.10-win32-x86_64\bin\zip.dll
0x00007ffd585f0000 - 0x00007ffd58600000 	C:\Users\Janeesha Pabasara\.vscode\extensions\redhat.java-1.53.0-win32-x64\jre\21.0.10-win32-x86_64\bin\net.dll
0x00007ffd8f280000 - 0x00007ffd8f3a7000 	C:\WINDOWS\SYSTEM32\WINHTTP.dll
0x00007ffd97360000 - 0x00007ffd973cb000 	C:\WINDOWS\system32\mswsock.dll
0x00007ffce5aa0000 - 0x00007ffce5ab6000 	C:\Users\Janeesha Pabasara\.vscode\extensions\redhat.java-1.53.0-win32-x64\jre\21.0.10-win32-x86_64\bin\nio.dll
0x00007ffd575e0000 - 0x00007ffd575f0000 	c:\Users\Janeesha Pabasara\.vscode\extensions\redhat.java-1.53.0-win32-x64\jre\21.0.10-win32-x86_64\bin\verify.dll
0x00007ffd8ed90000 - 0x00007ffd8edd5000 	C:\Users\Janeesha Pabasara\AppData\Roaming\Code\User\globalStorage\redhat.java\1.53.0\config_win\org.eclipse.equinox.launcher\org.eclipse.equinox.launcher.win32.win32.x86_64_1.3.0.v20260203-2149\eclipse_11919.dll
0x00007ffd99590000 - 0x00007ffd99725000 	C:\WINDOWS\System32\ole32.dll
0x00007ffd905a0000 - 0x00007ffd905aa000 	C:\Users\Janeesha Pabasara\.vscode\extensions\redhat.java-1.53.0-win32-x64\jre\21.0.10-win32-x86_64\bin\management.dll
0x00007ffd904f0000 - 0x00007ffd904fc000 	C:\Users\Janeesha Pabasara\.vscode\extensions\redhat.java-1.53.0-win32-x64\jre\21.0.10-win32-x86_64\bin\management_ext.dll
0x00007ffd9a310000 - 0x00007ffd9a318000 	C:\WINDOWS\System32\PSAPI.DLL

JVMTI agents:
c:\Users\Janeesha Pabasara\.vscode\extensions\redhat.java-1.53.0-win32-x64\lombok\lombok-1.18.39-4050.jar path:c:\Users\Janeesha Pabasara\.vscode\extensions\redhat.java-1.53.0-win32-x64\jre\21.0.10-win32-x86_64\bin\instrument.dll, loaded, initialized, instrumentlib options:none

dbghelp: loaded successfully - version: 4.0.5 - missing functions: none
symbol engine: initialized successfully - sym options: 0x614 - pdb path: .;c:\Users\Janeesha Pabasara\.vscode\extensions\redhat.java-1.53.0-win32-x64\jre\21.0.10-win32-x86_64\bin;C:\WINDOWS\SYSTEM32;C:\WINDOWS\WinSxS\amd64_microsoft.windows.common-controls_6595b64144ccf1df_6.0.26100.8037_none_3e092faae333b53b;c:\Users\Janeesha Pabasara\.vscode\extensions\redhat.java-1.53.0-win32-x64\jre\21.0.10-win32-x86_64\bin\server;C:\Users\Janeesha Pabasara\AppData\Roaming\Code\User\globalStorage\redhat.java\1.53.0\config_win\org.eclipse.equinox.launcher\org.eclipse.equinox.launcher.win32.win32.x86_64_1.3.0.v20260203-2149

VM Arguments:
jvm_args: --add-modules=ALL-SYSTEM --add-opens=java.base/java.util=ALL-UNNAMED --add-opens=java.base/java.lang=ALL-UNNAMED --add-opens=java.base/sun.nio.fs=ALL-UNNAMED -Declipse.application=org.eclipse.jdt.ls.core.id1 -Dosgi.bundles.defaultStartLevel=4 -Declipse.product=org.eclipse.jdt.ls.core.product -Djava.import.generatesMetadataFilesAtProjectRoot=false -DDetectVMInstallationsJob.disabled=true -Dfile.encoding=utf8 -XX:+UseParallelGC -XX:GCTimeRatio=4 -XX:AdaptiveSizePolicyWeight=90 -Dsun.zip.disableMemoryMapping=true -Xmx2G -Xms100m -Xlog:disable -javaagent:c:\Users\Janeesha Pabasara\.vscode\extensions\redhat.java-1.53.0-win32-x64\lombok\lombok-1.18.39-4050.jar -XX:+HeapDumpOnOutOfMemoryError -XX:HeapDumpPath=c:\Users\Janeesha Pabasara\AppData\Roaming\Code\User\workspaceStorage\fc35b90587192461ec26209fc89fa623\redhat.java -Daether.dependencyCollector.impl=bf 
java_command: c:\Users\Janeesha Pabasara\.vscode\extensions\redhat.java-1.53.0-win32-x64\server\plugins\org.eclipse.equinox.launcher_1.7.100.v20251111-0406.jar -configuration c:\Users\Janeesha Pabasara\AppData\Roaming\Code\User\globalStorage\redhat.java\1.53.0\config_win -data c:\Users\Janeesha Pabasara\AppData\Roaming\Code\User\workspaceStorage\fc35b90587192461ec26209fc89fa623\redhat.java\jdt_ws --pipe=\\.\pipe\lsp-53d9812b1e47c30012fa6c02d2c3d451-sock
java_class_path (initial): c:\Users\Janeesha Pabasara\.vscode\extensions\redhat.java-1.53.0-win32-x64\server\plugins\org.eclipse.equinox.launcher_1.7.100.v20251111-0406.jar
Launcher Type: SUN_STANDARD

[Global flags]
    uintx AdaptiveSizePolicyWeight                 = 90                                        {product} {command line}
     intx CICompilerCount                          = 4                                         {product} {ergonomic}
    uintx GCTimeRatio                              = 4                                         {product} {command line}
     bool HeapDumpOnOutOfMemoryError               = true                                   {manageable} {command line}
    ccstr HeapDumpPath                             = c:\Users\Janeesha Pabasara\AppData\Roaming\Code\User\workspaceStorage\fc35b90587192461ec26209fc89fa623\redhat.java         {manageable} {command line}
   size_t InitialHeapSize                          = 104857600                                 {product} {command line}
   size_t MaxHeapSize                              = 2147483648                                {product} {command line}
   size_t MaxNewSize                               = 715653120                                 {product} {ergonomic}
   size_t MinHeapDeltaBytes                        = 524288                                    {product} {ergonomic}
   size_t MinHeapSize                              = 104857600                                 {product} {command line}
   size_t NewSize                                  = 34603008                                  {product} {ergonomic}
    uintx NonNMethodCodeHeapSize                   = 5839372                                {pd product} {ergonomic}
    uintx NonProfiledCodeHeapSize                  = 122909434                              {pd product} {ergonomic}
   size_t OldSize                                  = 70254592                                  {product} {ergonomic}
    uintx ProfiledCodeHeapSize                     = 122909434                              {pd product} {ergonomic}
    uintx ReservedCodeCacheSize                    = 251658240                              {pd product} {ergonomic}
     bool SegmentedCodeCache                       = true                                      {product} {ergonomic}
   size_t SoftMaxHeapSize                          = 2147483648                             {manageable} {ergonomic}
     bool UseCompressedOops                        = true                           {product lp64_product} {ergonomic}
     bool UseLargePagesIndividualAllocation        = false                                  {pd product} {ergonomic}
     bool UseParallelGC                            = true                                      {product} {command line}

Logging:
Log output configuration:
 #0: stdout all=off uptime,level,tags foldmultilines=false
 #1: stderr all=off uptime,level,tags foldmultilines=false

Release file:
JAVA_VERSION="21.0.10" 
MODULES="java.base java.compiler java.datatransfer java.xml java.prefs java.desktop java.instrument java.logging java.management java.security.sasl java.naming java.rmi java.management.rmi java.net.http java.scripting java.security.jgss java.transaction.xa java.sql java.sql.rowset java.xml.crypto java.se java.smartcardio jdk.accessibility jdk.internal.jvmstat jdk.attach jdk.charsets jdk.internal.opt jdk.zipfs jdk.compiler jdk.crypto.ec jdk.crypto.cryptoki jdk.crypto.mscapi jdk.dynalink jdk.internal.ed jdk.editpad jdk.hotspot.agent jdk.httpserver jdk.internal.le jdk.internal.vm.ci jdk.internal.vm.compiler jdk.internal.vm.compiler.management jdk.jartool jdk.javadoc jdk.jcmd jdk.management jdk.management.agent jdk.jconsole jdk.jdeps jdk.jdwp.agent jdk.jdi jdk.jfr jdk.jshell jdk.jsobject jdk.jstatd jdk.localedata jdk.management.jfr jdk.naming.dns jdk.naming.rmi jdk.net jdk.nio.mapmode jdk.random jdk.sctp jdk.security.auth jdk.security.jgss jdk.unsupported jdk.unsupported.desktop jdk.xml.dom" 

Environment Variables:
JAVA_HOME=C:\Program Files\Java\jdk-25.0.2
PATH=C:\Users\Janeesha Pabasara\AppData\Local\Programs\Microsoft VS Code;C:\Program Files\Eclipse Adoptium\jdk-17.0.17.10-hotspot\bin;C:\Program Files\Common Files\Oracle\Java\javapath;C:\Python313\Scripts\;C:\Python313\;C:\Program Files (x86)\Common Files\Oracle\Java\javapath;C:\WINDOWS\system32;C:\WINDOWS;C:\WINDOWS\System32\Wbem;C:\WINDOWS\System32\WindowsPowerShell\v1.0\;C:\WINDOWS\System32\OpenSSH\;C:\Program Files\NVIDIA Corporation\NVIDIA App\NvDLISR;C:\Program Files (x86)\NVIDIA Corporation\PhysX\Common;C:\Program Files\Git\cmd;C:\Program Files\Git\bin;C:\Program Files\nodejs\;C:\ProgramData\chocolatey\bin;C:\Program Files (x86)\Microsoft SQL Server\170\Tools\Binn\;C:\Program Files\Microsoft SQL Server\170\Tools\Binn\;C:\Program Files\Microsoft SQL Server\Client SDK\ODBC\180\Tools\Binn\;C:\Program Files\Microsoft SQL Server\170\DTS\Binn\;C:\Program Files (x86)\Microsoft SQL Server\170\DTS\Binn\;C:\Program Files\Microsoft SQL Server\Client SDK\ODBC\170\Tools\Binn\;C:\Program Files\PowerShell\7\;C:\ProgramData\chocolatey\lib\maven\apache-maven-3.9.14\bin;C:\Program Files\Docker\Docker\resources\bin;C:\Users\Janeesha Pabasara\.local\bin;C:\Users\Janeesha Pabasara\AppData\Local\Programs\Microsoft VS Code\bin;C:\Program Files\Java\jdk-25.0.2;
USERNAME=Janeesha Pabasara
OS=Windows_NT
PROCESSOR_IDENTIFIER=Intel64 Family 6 Model 154 Stepping 3, GenuineIntel
TMP=C:\Users\JANEES~1\AppData\Local\Temp
TEMP=C:\Users\JANEES~1\AppData\Local\Temp




Periodic native trim disabled

---------------  S Y S T E M  ---------------

OS:
 Windows 11 , 64 bit Build 26100 (10.0.26100.7920)
OS uptime: 0 days 0:25 hours
Hyper-V role detected

CPU: total 12 (initial active 12) (6 cores per cpu, 2 threads per core) family 6 model 154 stepping 3 microcode 0x424, cx8, cmov, fxsr, ht, mmx, 3dnowpref, sse, sse2, sse3, ssse3, sse4.1, sse4.2, popcnt, lzcnt, tsc, tscinvbit, avx, avx2, aes, erms, clmul, bmi1, bmi2, adx, sha, fma, vzeroupper, clflush, clflushopt, clwb, hv, serialize, rdtscp, rdpid, fsrm, f16c, cet_ibt, cet_ss
Processor Information for processor 0
  Max Mhz: 2000, Current Mhz: 2000, Mhz Limit: 2000
Processor Information for processor 1
  Max Mhz: 2000, Current Mhz: 2000, Mhz Limit: 2000
Processor Information for processor 2
  Max Mhz: 2000, Current Mhz: 2000, Mhz Limit: 2000
Processor Information for processor 3
  Max Mhz: 2000, Current Mhz: 2000, Mhz Limit: 2000
Processor Information for processor 4
  Max Mhz: 2000, Current Mhz: 2000, Mhz Limit: 2000
Processor Information for processor 5
  Max Mhz: 2000, Current Mhz: 2000, Mhz Limit: 2000
Processor Information for processor 6
  Max Mhz: 2000, Current Mhz: 2000, Mhz Limit: 2000
Processor Information for processor 7
  Max Mhz: 2000, Current Mhz: 2000, Mhz Limit: 2000
Processor Information for processor 8
  Max Mhz: 2000, Current Mhz: 2000, Mhz Limit: 2000
Processor Information for processor 9
  Max Mhz: 2000, Current Mhz: 2000, Mhz Limit: 2000
Processor Information for processor 10
  Max Mhz: 2000, Current Mhz: 2000, Mhz Limit: 2000
Processor Information for processor 11
  Max Mhz: 2000, Current Mhz: 1466, Mhz Limit: 2000

Memory: 4k page, system-wide physical 16085M (593M free)
TotalPageFile size 35167M (AvailPageFile size 3M)
current process WorkingSet (physical memory assigned to process): 120M, peak: 120M
current process commit charge ("private bytes"): 266M, peak: 266M

vm_info: OpenJDK 64-Bit Server VM (21.0.10+7-LTS) for windows-amd64 JRE (21.0.10+7-LTS), built on 2026-01-20T00:00:00Z by "admin" with MS VC++ 17.12 (VS2022)

END.
